<?xml version="1.0" encoding="UTF-8"?>
<!-- Generated by org.testng.reporters.JUnitReportReporter -->
<testsuite hostname="Husky" failures="0" tests="3" name="testcases.CustomerRegistration3" time="4.275" errors="0" timestamp="03 Apr. 2024 22:17:25 GMT" skipped="0">
  <testcase classname="testcases.CustomerRegistration3" name="flightSearch" time="2.232"/>
  <testcase classname="testcases.CustomerRegistration3" name="customerRegistration" time="1.966"/>
  <testcase classname="testcases.CustomerRegistration3" name="clickFlightSearchButton" time="0.077"/>
</testsuite> <!-- testcases.CustomerRegistration3 -->
