<?xml version="1.0" encoding="UTF-8"?>
<!-- Generated by org.testng.reporters.JUnitReportReporter -->
<testsuite hostname="Husky" failures="0" tests="3" name="testcases.CustomerRegistration2" time="5.915" errors="0" timestamp="03 Apr. 2024 22:17:25 GMT" skipped="0">
  <testcase classname="testcases.CustomerRegistration2" name="clickFlightSearchButton" time="1.705"/>
  <testcase classname="testcases.CustomerRegistration2" name="customerRegistration" time="1.993"/>
  <testcase classname="testcases.CustomerRegistration2" name="flightSearch" time="2.217"/>
</testsuite> <!-- testcases.CustomerRegistration2 -->
