<?xml version="1.0" encoding="UTF-8"?>
<!-- Generated by org.testng.reporters.JUnitReportReporter -->
<testsuite hostname="Husky" failures="0" tests="4" name="createAccount.ClickOnCreateAccountButton" time="2.754" errors="0" timestamp="23 Jan. 2024 17:52:52 GMT" skipped="0">
  <testcase classname="createAccount.ClickOnCreateAccountButton" name="clickNext" time="0.080"/>
  <testcase classname="createAccount.ClickOnCreateAccountButton" name="enterUserName" time="1.623"/>
  <testcase classname="createAccount.ClickOnCreateAccountButton" name="clickSignIn" time="0.622"/>
  <testcase classname="createAccount.ClickOnCreateAccountButton" name="clickCreateAccount" time="0.429"/>
</testsuite> <!-- createAccount.ClickOnCreateAccountButton -->
