<?xml version="1.0" encoding="UTF-8"?>
<!-- Generated by org.testng.reporters.JUnitReportReporter -->
<testsuite hostname="Husky" failures="0" tests="3" name="testcases.CustomerRegistration1" time="5.853" errors="0" timestamp="03 Apr. 2024 22:17:25 GMT" skipped="0">
  <testcase classname="testcases.CustomerRegistration1" name="clickFlightSearchButton" time="1.716"/>
  <testcase classname="testcases.CustomerRegistration1" name="flightSearch" time="2.199"/>
  <testcase classname="testcases.CustomerRegistration1" name="customerRegistration" time="1.938"/>
</testsuite> <!-- testcases.CustomerRegistration1 -->
